2021-11-10 11:44:50,535 INFO  [org.jboss.modules] (main) JBoss Modules version 1.8.6.Final
2021-11-10 11:44:51,947 INFO  [org.jboss.msc] (main) JBoss MSC version 1.4.3.Final
2021-11-10 11:44:51,956 INFO  [org.jboss.threads] (main) JBoss Threads version 2.3.2.Final
2021-11-10 11:44:52,118 INFO  [org.jboss.as] (MSC service thread 1-1) WFLYSRV0049: WildFly Full 14.0.1.Final (WildFly Core 6.0.2.Final) starting
2021-11-10 11:44:52,119 DEBUG [org.jboss.as.config] (MSC service thread 1-1) Configured system properties:
	[Standalone] = 
	awt.toolkit = sun.lwawt.macosx.LWCToolkit
	file.encoding = UTF-8
	file.encoding.pkg = sun.io
	file.separator = /
	ftp.nonProxyHosts = local|*.local|169.254/16|*.169.254/16
	gopherProxySet = false
	http.nonProxyHosts = local|*.local|169.254/16|*.169.254/16
	java.awt.graphicsenv = sun.awt.CGraphicsEnvironment
	java.awt.headless = true
	java.awt.printerjob = sun.lwawt.macosx.CPrinterJob
	java.class.path = /Users/raphaelmattos/Desenv/wildfly/jboss-modules.jar
	java.class.version = 52.0
	java.endorsed.dirs = /Library/Internet Plug-Ins/JavaAppletPlugin.plugin/Contents/Home/lib/endorsed
	java.ext.dirs = /Users/raphaelmattos/Library/Java/Extensions:/Library/Internet Plug-Ins/JavaAppletPlugin.plugin/Contents/Home/lib/ext:/Library/Java/Extensions:/Network/Library/Java/Extensions:/System/Library/Java/Extensions:/usr/lib/java
	java.home = /Library/Internet Plug-Ins/JavaAppletPlugin.plugin/Contents/Home
	java.io.tmpdir = /var/folders/mg/kqld8f193gq_0zr2stwpg9jh0000gn/T/
	java.library.path = /Users/raphaelmattos/Library/Java/Extensions:/Library/Java/Extensions:/Network/Library/Java/Extensions:/System/Library/Java/Extensions:/usr/lib/java:.
	java.net.preferIPv4Stack = true
	java.runtime.name = Java(TM) SE Runtime Environment
	java.runtime.version = 1.8.0_311-b11
	java.specification.name = Java Platform API Specification
	java.specification.vendor = Oracle Corporation
	java.specification.version = 1.8
	java.util.logging.manager = org.jboss.logmanager.LogManager
	java.vendor = Oracle Corporation
	java.vendor.url = http://java.oracle.com/
	java.vendor.url.bug = http://bugreport.sun.com/bugreport/
	java.version = 1.8.0_311
	java.vm.info = mixed mode
	java.vm.name = Java HotSpot(TM) 64-Bit Server VM
	java.vm.specification.name = Java Virtual Machine Specification
	java.vm.specification.vendor = Oracle Corporation
	java.vm.specification.version = 1.8
	java.vm.vendor = Oracle Corporation
	java.vm.version = 25.311-b11
	javax.management.builder.initial = org.jboss.as.jmx.PluggableMBeanServerBuilder
	jboss.home.dir = /Users/raphaelmattos/Desenv/wildfly
	jboss.host.name = agm-595374
	jboss.modules.dir = /Users/raphaelmattos/Desenv/wildfly/modules
	jboss.modules.system.pkgs = org.jboss.byteman
	jboss.node.name = agm-595374
	jboss.qualified.host.name = agm-595374.local
	jboss.server.base.dir = /Users/raphaelmattos/Desenv/wildfly/standalone
	jboss.server.config.dir = /Users/raphaelmattos/Desenv/wildfly/standalone/configuration
	jboss.server.data.dir = /Users/raphaelmattos/Desenv/wildfly/standalone/data
	jboss.server.deploy.dir = /Users/raphaelmattos/Desenv/wildfly/standalone/data/content
	jboss.server.log.dir = /Users/raphaelmattos/Desenv/wildfly/standalone/log
	jboss.server.name = agm-595374
	jboss.server.persist.config = true
	jboss.server.temp.dir = /Users/raphaelmattos/Desenv/wildfly/standalone/tmp
	line.separator = 

	logging.configuration = file:/Users/raphaelmattos/Desenv/wildfly/standalone/configuration/logging.properties
	module.path = /Users/raphaelmattos/Desenv/wildfly/modules
	org.jboss.boot.log.file = /Users/raphaelmattos/Desenv/wildfly/standalone/log/server.log
	org.jboss.resolver.warning = true
	os.arch = x86_64
	os.name = Mac OS X
	os.version = 10.16
	path.separator = :
	socksNonProxyHosts = local|*.local|169.254/16|*.169.254/16
	sun.arch.data.model = 64
	sun.boot.class.path = /Library/Internet Plug-Ins/JavaAppletPlugin.plugin/Contents/Home/lib/resources.jar:/Library/Internet Plug-Ins/JavaAppletPlugin.plugin/Contents/Home/lib/rt.jar:/Library/Internet Plug-Ins/JavaAppletPlugin.plugin/Contents/Home/lib/sunrsasign.jar:/Library/Internet Plug-Ins/JavaAppletPlugin.plugin/Contents/Home/lib/jsse.jar:/Library/Internet Plug-Ins/JavaAppletPlugin.plugin/Contents/Home/lib/jce.jar:/Library/Internet Plug-Ins/JavaAppletPlugin.plugin/Contents/Home/lib/charsets.jar:/Library/Internet Plug-Ins/JavaAppletPlugin.plugin/Contents/Home/lib/jfr.jar:/Library/Internet Plug-Ins/JavaAppletPlugin.plugin/Contents/Home/classes
	sun.boot.library.path = /Library/Internet Plug-Ins/JavaAppletPlugin.plugin/Contents/Home/lib
	sun.cpu.endian = little
	sun.cpu.isalist = 
	sun.io.unicode.encoding = UnicodeBig
	sun.java.command = /Users/raphaelmattos/Desenv/wildfly/jboss-modules.jar -mp /Users/raphaelmattos/Desenv/wildfly/modules org.jboss.as.standalone -Djboss.home.dir=/Users/raphaelmattos/Desenv/wildfly -Djboss.server.base.dir=/Users/raphaelmattos/Desenv/wildfly/standalone
	sun.java.launcher = SUN_STANDARD
	sun.jnu.encoding = UTF-8
	sun.management.compiler = HotSpot 64-Bit Tiered Compilers
	sun.os.patch.level = unknown
	user.country = BR
	user.dir = /Users/raphaelmattos/Desenv/wildfly/bin
	user.home = /Users/raphaelmattos
	user.language = pt
	user.name = raphaelmattos
	user.timezone = America/Sao_Paulo
2021-11-10 11:44:52,121 DEBUG [org.jboss.as.config] (MSC service thread 1-1) VM Arguments: -D[Standalone] -Xms64m -Xmx512m -XX:MetaspaceSize=96M -XX:MaxMetaspaceSize=256m -Djava.net.preferIPv4Stack=true -Djboss.modules.system.pkgs=org.jboss.byteman -Djava.awt.headless=true -Dorg.jboss.boot.log.file=/Users/raphaelmattos/Desenv/wildfly/standalone/log/server.log -Dlogging.configuration=file:/Users/raphaelmattos/Desenv/wildfly/standalone/configuration/logging.properties 
2021-11-10 11:44:53,416 INFO  [org.wildfly.security] (ServerService Thread Pool -- 27) ELY00001: WildFly Elytron version 1.6.0.Final
2021-11-10 11:44:54,188 INFO  [org.jboss.as.controller.management-deprecated] (Controller Boot Thread) WFLYCTL0028: Attribute 'security-realm' in the resource at address '/core-service=management/management-interface=http-interface' is deprecated, and may be removed in a future version. See the attribute description in the output of the read-resource-description operation to learn more about the deprecation.
2021-11-10 11:44:54,413 INFO  [org.jboss.as.controller.management-deprecated] (ServerService Thread Pool -- 8) WFLYCTL0028: Attribute 'security-realm' in the resource at address '/subsystem=undertow/server=default-server/https-listener=https' is deprecated, and may be removed in a future version. See the attribute description in the output of the read-resource-description operation to learn more about the deprecation.
2021-11-10 11:44:54,563 INFO  [org.jboss.as.server] (Controller Boot Thread) WFLYSRV0039: Creating http management service using socket-binding (management-http)
2021-11-10 11:44:54,607 INFO  [org.xnio] (MSC service thread 1-1) XNIO version 3.6.5.Final
2021-11-10 11:44:54,633 INFO  [org.xnio.nio] (MSC service thread 1-1) XNIO NIO Implementation Version 3.6.5.Final
2021-11-10 11:44:54,809 INFO  [org.jboss.as.naming] (ServerService Thread Pool -- 60) WFLYNAM0001: Activating Naming Subsystem
2021-11-10 11:44:54,810 INFO  [org.jboss.as.security] (ServerService Thread Pool -- 66) WFLYSEC0002: Activating Security Subsystem
2021-11-10 11:44:54,805 INFO  [org.wildfly.extension.microprofile.opentracing] (ServerService Thread Pool -- 59) WFLYTRACEXT0001: Activating MicroProfile OpenTracing Subsystem
2021-11-10 11:44:54,807 INFO  [org.wildfly.extension.microprofile.config.smallrye._private] (ServerService Thread Pool -- 57) WFLYCONF0001: Activating WildFly MicroProfile Config Subsystem
2021-11-10 11:44:54,806 INFO  [org.jboss.as.clustering.infinispan] (ServerService Thread Pool -- 48) WFLYCLINF0001: Activating Infinispan subsystem.
2021-11-10 11:44:54,852 INFO  [org.jboss.as.security] (MSC service thread 1-7) WFLYSEC0001: Current PicketBox version=5.0.3.Final
2021-11-10 11:44:54,858 WARN  [org.jboss.as.txn] (ServerService Thread Pool -- 68) WFLYTX0013: The node-identifier attribute on the /subsystem=transactions is set to the default value. This is a danger for environments running multiple servers. Please make sure the attribute value is unique.
2021-11-10 11:44:54,981 INFO  [org.jboss.as.mail.extension] (MSC service thread 1-8) WFLYMAIL0002: Unbound mail session [java:jboss/mail/Default]
2021-11-10 11:44:54,986 INFO  [org.jboss.as.jsf] (ServerService Thread Pool -- 55) WFLYJSF0007: Activated the following JSF Implementations: [main]
2021-11-10 11:44:55,002 INFO  [org.wildfly.extension.microprofile.health.smallrye] (ServerService Thread Pool -- 58) WFLYHEALTH0001: Activating Eclipse MicroProfile Health Subsystem
2021-11-10 11:44:55,003 INFO  [org.jboss.as.connector] (MSC service thread 1-4) WFLYJCA0009: Starting JCA Subsystem (WildFly/IronJacamar 1.4.11.Final)
2021-11-10 11:44:55,002 INFO  [org.jboss.as.webservices] (ServerService Thread Pool -- 70) WFLYWS0002: Activating WebServices Extension
2021-11-10 11:44:55,040 INFO  [org.wildfly.extension.io] (ServerService Thread Pool -- 49) WFLYIO001: Worker 'default' has auto-configured to 16 core threads with 128 task threads based on your 8 available processors
2021-11-10 11:44:55,070 INFO  [org.jboss.as.naming] (MSC service thread 1-5) WFLYNAM0003: Starting Naming Service
2021-11-10 11:44:55,078 INFO  [org.jboss.as.mail.extension] (MSC service thread 1-5) WFLYMAIL0001: Bound mail session [java:jboss/mail/Default]
2021-11-10 11:44:55,089 INFO  [org.jboss.as.jaxrs] (ServerService Thread Pool -- 50) WFLYRS0016: RESTEasy version 3.6.1.Final
2021-11-10 11:44:55,109 INFO  [org.wildfly.extension.undertow] (MSC service thread 1-3) WFLYUT0003: Undertow 2.0.13.Final starting
2021-11-10 11:44:55,140 INFO  [org.jboss.as.connector.subsystems.datasources] (ServerService Thread Pool -- 41) WFLYJCA0004: Deploying JDBC-compliant driver class org.h2.Driver (version 1.4)
2021-11-10 11:44:55,147 INFO  [org.jboss.as.connector.deployers.jdbc] (MSC service thread 1-8) WFLYJCA0018: Started Driver service with driver-name = h2
2021-11-10 11:44:55,189 INFO  [org.jboss.remoting] (MSC service thread 1-8) JBoss Remoting version 5.0.8.Final
2021-11-10 11:44:55,318 INFO  [org.jboss.as.connector.subsystems.datasources] (MSC service thread 1-2) WFLYJCA0010: Unbound data source [java:jboss/datasources/ExampleDS]
2021-11-10 11:44:55,343 INFO  [org.jboss.as.connector.subsystems.datasources] (MSC service thread 1-8) WFLYJCA0010: Unbound data source [java:/WebApp]
2021-11-10 11:44:55,405 INFO  [org.jboss.as.ejb3] (MSC service thread 1-1) WFLYEJB0482: Strict pool mdb-strict-max-pool is using a max instance size of 32 (per class), which is derived from the number of CPUs on this host.
2021-11-10 11:44:55,405 INFO  [org.jboss.as.ejb3] (MSC service thread 1-4) WFLYEJB0481: Strict pool slsb-strict-max-pool is using a max instance size of 128 (per class), which is derived from thread worker pool sizing.
2021-11-10 11:44:55,728 INFO  [org.wildfly.extension.undertow] (ServerService Thread Pool -- 69) WFLYUT0014: Creating file handler for path '/Users/raphaelmattos/Desenv/wildfly/welcome-content' with options [directory-listing: 'false', follow-symlink: 'false', case-sensitive: 'true', safe-symlink-paths: '[]']
2021-11-10 11:44:55,774 INFO  [org.wildfly.extension.undertow] (MSC service thread 1-8) WFLYUT0012: Started server default-server.
2021-11-10 11:44:55,782 INFO  [org.wildfly.extension.undertow] (MSC service thread 1-5) WFLYUT0018: Host default-host starting
2021-11-10 11:44:55,871 INFO  [org.wildfly.extension.undertow] (MSC service thread 1-8) WFLYUT0006: Undertow HTTP listener default listening on 127.0.0.1:8080
2021-11-10 11:44:56,014 INFO  [org.jboss.as.ejb3] (MSC service thread 1-4) WFLYEJB0493: EJB subsystem suspension complete
2021-11-10 11:44:56,178 INFO  [org.jboss.as.connector.subsystems.datasources] (MSC service thread 1-8) WFLYJCA0001: Bound data source [java:/WebApp]
2021-11-10 11:44:56,181 INFO  [org.jboss.as.connector.subsystems.datasources] (MSC service thread 1-5) WFLYJCA0001: Bound data source [java:jboss/datasources/ExampleDS]
2021-11-10 11:44:56,364 INFO  [org.jboss.as.patching] (MSC service thread 1-4) WFLYPAT0050: WildFly Full cumulative patch ID is: base, one-off patches include: none
