2022-01-30 23:43:10,030 INFO  [org.jboss.as.server.deployment.scanner] (MSC service thread 1-6) WFLYDS0013: Started FileSystemDeploymentService for directory /Users/helena.bastos/Documents/wildfly/standalone/deployments
2022-01-30 23:43:10,039 INFO  [org.jboss.as.server.deployment] (MSC service thread 1-1) WFLYSRV0027: Starting deployment of "webfakeapp.war" (runtime-name: "webfakeapp.war")
2022-01-30 23:43:10,039 INFO  [org.jboss.as.server.deployment] (MSC service thread 1-7) WFLYSRV0027: Starting deployment of "mysql-connector-java-8.0.17.jar" (runtime-name: "mysql-connector-java-8.0.17.jar")
2022-01-30 23:43:10,039 INFO  [org.jboss.as.server.deployment] (MSC service thread 1-4) WFLYSRV0027: Starting deployment of "webapp-0.0.1-SNAPSHOT.ear" (runtime-name: "webapp-0.0.1-SNAPSHOT.ear")
2022-01-30 23:43:10,183 INFO  [org.jboss.as.server.deployment] (MSC service thread 1-1) WFLYSRV0207: Starting subdeployment (runtime-name: "webapp-vo-0.0.1-SNAPSHOT.jar")
2022-01-30 23:43:10,183 INFO  [org.jboss.as.server.deployment] (MSC service thread 1-8) WFLYSRV0207: Starting subdeployment (runtime-name: "webapp-dao-0.0.1-SNAPSHOT.jar")
2022-01-30 23:43:10,183 INFO  [org.jboss.as.server.deployment] (MSC service thread 1-3) WFLYSRV0207: Starting subdeployment (runtime-name: "webapp-util-0.0.1-SNAPSHOT.jar")
2022-01-30 23:43:10,183 INFO  [org.jboss.as.server.deployment] (MSC service thread 1-6) WFLYSRV0207: Starting subdeployment (runtime-name: "webapp-dto-0.0.1-SNAPSHOT.jar")
2022-01-30 23:43:10,183 INFO  [org.jboss.as.server.deployment] (MSC service thread 1-7) WFLYSRV0207: Starting subdeployment (runtime-name: "webapp-ejb-0.0.1-SNAPSHOT.jar")
2022-01-30 23:43:10,184 INFO  [org.jboss.as.server.deployment] (MSC service thread 1-1) WFLYSRV0207: Starting subdeployment (runtime-name: "webapp-webapp-0.0.1-SNAPSHOT.war")
2022-01-30 23:43:10,191 INFO  [org.wildfly.extension.undertow] (MSC service thread 1-4) WFLYUT0006: Undertow HTTPS listener https listening on 127.0.0.1:8443
2022-01-30 23:43:10,295 INFO  [org.jboss.ws.common.management] (MSC service thread 1-4) JBWS022052: Starting JBossWS 5.2.3.Final (Apache CXF 3.2.5.jbossorg-1) 
2022-01-30 23:43:10,615 INFO  [org.jboss.as.jpa] (MSC service thread 1-8) WFLYJPA0002: Read persistence.xml for WebAppPU
2022-01-30 23:43:10,665 INFO  [org.jboss.as.connector.deployers.jdbc] (MSC service thread 1-8) WFLYJCA0005: Deploying non-JDBC-compliant driver class com.mysql.cj.jdbc.Driver (version 8.0)
2022-01-30 23:43:10,680 INFO  [org.jboss.as.connector.deployers.jdbc] (MSC service thread 1-5) WFLYJCA0018: Started Driver service with driver-name = mysql-connector-java-8.0.17.jar
2022-01-30 23:43:10,687 INFO  [org.jboss.weld.deployer] (MSC service thread 1-7) WFLYWELD0003: Processing weld deployment webapp-0.0.1-SNAPSHOT.ear
2022-01-30 23:43:10,742 INFO  [org.jboss.weld.deployer] (MSC service thread 1-4) WFLYWELD0003: Processing weld deployment webfakeapp.war
2022-01-30 23:43:10,824 INFO  [org.hibernate.validator.internal.util.Version] (MSC service thread 1-4) HV000001: Hibernate Validator 6.0.13.Final
2022-01-30 23:43:10,997 INFO  [org.jboss.weld.deployer] (MSC service thread 1-1) WFLYWELD0003: Processing weld deployment webapp-vo-0.0.1-SNAPSHOT.jar
2022-01-30 23:43:10,997 INFO  [org.jboss.weld.deployer] (MSC service thread 1-5) WFLYWELD0003: Processing weld deployment webapp-util-0.0.1-SNAPSHOT.jar
2022-01-30 23:43:10,997 INFO  [org.jboss.weld.deployer] (MSC service thread 1-8) WFLYWELD0003: Processing weld deployment webapp-dto-0.0.1-SNAPSHOT.jar
2022-01-30 23:43:11,008 INFO  [org.jboss.weld.deployer] (MSC service thread 1-5) WFLYWELD0003: Processing weld deployment webapp-dao-0.0.1-SNAPSHOT.jar
2022-01-30 23:43:11,019 INFO  [org.jboss.weld.deployer] (MSC service thread 1-3) WFLYWELD0003: Processing weld deployment webapp-webapp-0.0.1-SNAPSHOT.war
2022-01-30 23:43:11,023 INFO  [org.jboss.weld.deployer] (MSC service thread 1-7) WFLYWELD0003: Processing weld deployment webapp-ejb-0.0.1-SNAPSHOT.jar
2022-01-30 23:43:11,029 INFO  [org.jboss.as.ejb3.deployment] (MSC service thread 1-7) WFLYEJB0473: JNDI bindings for session bean named 'ConsultarMeusDadosEjb' in deployment unit 'subdeployment "webapp-ejb-0.0.1-SNAPSHOT.jar" of deployment "webapp-0.0.1-SNAPSHOT.ear"' are as follows:

	java:global/webapp-0.0.1-SNAPSHOT/webapp-ejb-0.0.1-SNAPSHOT/ConsultarMeusDadosEjb!br.com.sicoob.gss.treinamento.seguranca.webapp.ejb.ConsultarMeusDadosEjb
	java:app/webapp-ejb-0.0.1-SNAPSHOT/ConsultarMeusDadosEjb!br.com.sicoob.gss.treinamento.seguranca.webapp.ejb.ConsultarMeusDadosEjb
	java:module/ConsultarMeusDadosEjb!br.com.sicoob.gss.treinamento.seguranca.webapp.ejb.ConsultarMeusDadosEjb
	ejb:webapp-0.0.1-SNAPSHOT/webapp-ejb-0.0.1-SNAPSHOT/ConsultarMeusDadosEjb!br.com.sicoob.gss.treinamento.seguranca.webapp.ejb.ConsultarMeusDadosEjb
	java:global/webapp-0.0.1-SNAPSHOT/webapp-ejb-0.0.1-SNAPSHOT/ConsultarMeusDadosEjb
	java:app/webapp-ejb-0.0.1-SNAPSHOT/ConsultarMeusDadosEjb
	java:module/ConsultarMeusDadosEjb

2022-01-30 23:43:11,030 INFO  [org.jboss.as.ejb3.deployment] (MSC service thread 1-7) WFLYEJB0473: JNDI bindings for session bean named 'AltAnotacaoEjb' in deployment unit 'subdeployment "webapp-ejb-0.0.1-SNAPSHOT.jar" of deployment "webapp-0.0.1-SNAPSHOT.ear"' are as follows:

	java:global/webapp-0.0.1-SNAPSHOT/webapp-ejb-0.0.1-SNAPSHOT/AltAnotacaoEjb!br.com.sicoob.gss.treinamento.seguranca.webapp.ejb.AltAnotacaoEjb
	java:app/webapp-ejb-0.0.1-SNAPSHOT/AltAnotacaoEjb!br.com.sicoob.gss.treinamento.seguranca.webapp.ejb.AltAnotacaoEjb
	java:module/AltAnotacaoEjb!br.com.sicoob.gss.treinamento.seguranca.webapp.ejb.AltAnotacaoEjb
	ejb:webapp-0.0.1-SNAPSHOT/webapp-ejb-0.0.1-SNAPSHOT/AltAnotacaoEjb!br.com.sicoob.gss.treinamento.seguranca.webapp.ejb.AltAnotacaoEjb
	java:global/webapp-0.0.1-SNAPSHOT/webapp-ejb-0.0.1-SNAPSHOT/AltAnotacaoEjb
	java:app/webapp-ejb-0.0.1-SNAPSHOT/AltAnotacaoEjb
	java:module/AltAnotacaoEjb

2022-01-30 23:43:11,030 INFO  [org.jboss.as.ejb3.deployment] (MSC service thread 1-7) WFLYEJB0473: JNDI bindings for session bean named 'LogonEjb' in deployment unit 'subdeployment "webapp-ejb-0.0.1-SNAPSHOT.jar" of deployment "webapp-0.0.1-SNAPSHOT.ear"' are as follows:

	java:global/webapp-0.0.1-SNAPSHOT/webapp-ejb-0.0.1-SNAPSHOT/LogonEjb!br.com.sicoob.gss.treinamento.seguranca.webapp.ejb.LogonEjb
	java:app/webapp-ejb-0.0.1-SNAPSHOT/LogonEjb!br.com.sicoob.gss.treinamento.seguranca.webapp.ejb.LogonEjb
	java:module/LogonEjb!br.com.sicoob.gss.treinamento.seguranca.webapp.ejb.LogonEjb
	ejb:webapp-0.0.1-SNAPSHOT/webapp-ejb-0.0.1-SNAPSHOT/LogonEjb!br.com.sicoob.gss.treinamento.seguranca.webapp.ejb.LogonEjb
	java:global/webapp-0.0.1-SNAPSHOT/webapp-ejb-0.0.1-SNAPSHOT/LogonEjb
	java:app/webapp-ejb-0.0.1-SNAPSHOT/LogonEjb
	java:module/LogonEjb

2022-01-30 23:43:11,030 INFO  [org.jboss.as.ejb3.deployment] (MSC service thread 1-7) WFLYEJB0473: JNDI bindings for session bean named 'ExecutarPingEjb' in deployment unit 'subdeployment "webapp-ejb-0.0.1-SNAPSHOT.jar" of deployment "webapp-0.0.1-SNAPSHOT.ear"' are as follows:

	java:global/webapp-0.0.1-SNAPSHOT/webapp-ejb-0.0.1-SNAPSHOT/ExecutarPingEjb!br.com.sicoob.gss.treinamento.seguranca.webapp.ejb.ExecutarPingEjb
	java:app/webapp-ejb-0.0.1-SNAPSHOT/ExecutarPingEjb!br.com.sicoob.gss.treinamento.seguranca.webapp.ejb.ExecutarPingEjb
	java:module/ExecutarPingEjb!br.com.sicoob.gss.treinamento.seguranca.webapp.ejb.ExecutarPingEjb
	ejb:webapp-0.0.1-SNAPSHOT/webapp-ejb-0.0.1-SNAPSHOT/ExecutarPingEjb!br.com.sicoob.gss.treinamento.seguranca.webapp.ejb.ExecutarPingEjb
	java:global/webapp-0.0.1-SNAPSHOT/webapp-ejb-0.0.1-SNAPSHOT/ExecutarPingEjb
	java:app/webapp-ejb-0.0.1-SNAPSHOT/ExecutarPingEjb
	java:module/ExecutarPingEjb

2022-01-30 23:43:11,031 INFO  [org.jboss.as.ejb3.deployment] (MSC service thread 1-7) WFLYEJB0473: JNDI bindings for session bean named 'AltEnderecoEjb' in deployment unit 'subdeployment "webapp-ejb-0.0.1-SNAPSHOT.jar" of deployment "webapp-0.0.1-SNAPSHOT.ear"' are as follows:

	java:global/webapp-0.0.1-SNAPSHOT/webapp-ejb-0.0.1-SNAPSHOT/AltEnderecoEjb!br.com.sicoob.gss.treinamento.seguranca.webapp.ejb.AltEnderecoEjb
	java:app/webapp-ejb-0.0.1-SNAPSHOT/AltEnderecoEjb!br.com.sicoob.gss.treinamento.seguranca.webapp.ejb.AltEnderecoEjb
	java:module/AltEnderecoEjb!br.com.sicoob.gss.treinamento.seguranca.webapp.ejb.AltEnderecoEjb
	ejb:webapp-0.0.1-SNAPSHOT/webapp-ejb-0.0.1-SNAPSHOT/AltEnderecoEjb!br.com.sicoob.gss.treinamento.seguranca.webapp.ejb.AltEnderecoEjb
	java:global/webapp-0.0.1-SNAPSHOT/webapp-ejb-0.0.1-SNAPSHOT/AltEnderecoEjb
	java:app/webapp-ejb-0.0.1-SNAPSHOT/AltEnderecoEjb
	java:module/AltEnderecoEjb

2022-01-30 23:43:11,031 INFO  [org.jboss.as.ejb3.deployment] (MSC service thread 1-7) WFLYEJB0473: JNDI bindings for session bean named 'DeserializarEjb' in deployment unit 'subdeployment "webapp-ejb-0.0.1-SNAPSHOT.jar" of deployment "webapp-0.0.1-SNAPSHOT.ear"' are as follows:

	java:global/webapp-0.0.1-SNAPSHOT/webapp-ejb-0.0.1-SNAPSHOT/DeserializarEjb!br.com.sicoob.gss.treinamento.seguranca.webapp.ejb.DeserializarEjb
	java:app/webapp-ejb-0.0.1-SNAPSHOT/DeserializarEjb!br.com.sicoob.gss.treinamento.seguranca.webapp.ejb.DeserializarEjb
	java:module/DeserializarEjb!br.com.sicoob.gss.treinamento.seguranca.webapp.ejb.DeserializarEjb
	ejb:webapp-0.0.1-SNAPSHOT/webapp-ejb-0.0.1-SNAPSHOT/DeserializarEjb!br.com.sicoob.gss.treinamento.seguranca.webapp.ejb.DeserializarEjb
	java:global/webapp-0.0.1-SNAPSHOT/webapp-ejb-0.0.1-SNAPSHOT/DeserializarEjb
	java:app/webapp-ejb-0.0.1-SNAPSHOT/DeserializarEjb
	java:module/DeserializarEjb

2022-01-30 23:43:11,057 INFO  [org.infinispan.factories.GlobalComponentRegistry] (MSC service thread 1-2) ISPN000128: Infinispan version: Infinispan 'Estrella Galicia' 9.3.1.Final
2022-01-30 23:43:11,073 INFO  [org.jboss.as.jpa] (ServerService Thread Pool -- 72) WFLYJPA0010: Starting Persistence Unit (phase 1 of 2) Service 'webapp-0.0.1-SNAPSHOT.ear/webapp-dao-0.0.1-SNAPSHOT.jar#WebAppPU'
2022-01-30 23:43:11,120 INFO  [org.hibernate.jpa.internal.util.LogHelper] (ServerService Thread Pool -- 72) HHH000204: Processing PersistenceUnitInfo [
	name: WebAppPU
	...]
2022-01-30 23:43:11,166 INFO  [org.jboss.weld.Version] (MSC service thread 1-7) WELD-000900: 3.0.5 (Final)
2022-01-30 23:43:11,230 INFO  [org.hibernate.Version] (ServerService Thread Pool -- 72) HHH000412: Hibernate Core {5.3.6.Final}
2022-01-30 23:43:11,232 INFO  [org.hibernate.cfg.Environment] (ServerService Thread Pool -- 72) HHH000206: hibernate.properties not found
2022-01-30 23:43:11,336 INFO  [org.jboss.as.clustering.infinispan] (ServerService Thread Pool -- 73) WFLYCLINF0002: Started client-mappings cache from ejb container
2022-01-30 23:43:11,433 INFO  [org.hibernate.annotations.common.Version] (ServerService Thread Pool -- 72) HCANN000001: Hibernate Commons Annotations {5.0.4.Final}
2022-01-30 23:43:11,571 INFO  [org.jboss.as.jpa] (ServerService Thread Pool -- 72) WFLYJPA0010: Starting Persistence Unit (phase 2 of 2) Service 'webapp-0.0.1-SNAPSHOT.ear/webapp-dao-0.0.1-SNAPSHOT.jar#WebAppPU'
2022-01-30 23:43:11,936 INFO  [org.hibernate.dialect.Dialect] (ServerService Thread Pool -- 72) HHH000400: Using dialect: org.hibernate.dialect.H2Dialect
2022-01-30 23:43:11,944 WARN  [org.hibernate.dialect.H2Dialect] (ServerService Thread Pool -- 72) HHH000431: Unable to determine H2 database version, certain features may not work
2022-01-30 23:43:12,045 INFO  [org.hibernate.envers.boot.internal.EnversServiceImpl] (ServerService Thread Pool -- 72) Envers integration enabled? : true
2022-01-30 23:43:12,133 WARN  [io.jaegertracing.internal.senders.SenderResolver] (ServerService Thread Pool -- 87) No suitable sender found. Using NoopSender, meaning that data will not be sent anywhere!
2022-01-30 23:43:12,171 INFO  [io.jaegertracing.Configuration] (ServerService Thread Pool -- 87) Initialized tracer=JaegerTracer(version=Java-0.30.6, serviceName=webfakeapp.war, reporter=RemoteReporter(sender=NoopSender(), closeEnqueueTimeout=1000), sampler=RemoteControlledSampler(maxOperations=2000, manager=HttpSamplingManager(hostPort=localhost:5778), sampler=ProbabilisticSampler(tags={sampler.type=probabilistic, sampler.param=0.001})), tags={hostname=PPM-SPO-12177.local, jaeger.version=Java-0.30.6, ip=192.168.0.57}, zipkinSharedRpcSpan=false, expandExceptionLogs=false)
2022-01-30 23:43:12,206 INFO  [org.wildfly.extension.undertow] (ServerService Thread Pool -- 87) WFLYUT0021: Registered web context: '/webfakeapp' for server 'default-server'
2022-01-30 23:43:12,586 INFO  [stdout] (ServerService Thread Pool -- 72) Hibernate: drop table usuario if exists
2022-01-30 23:43:12,592 INFO  [stdout] (ServerService Thread Pool -- 72) Hibernate: create table usuario (id bigint generated by default as identity, anotacao varchar(200), email varchar(50) not null, endereco varchar(200), login varchar(30) not null, nome varchar(80) not null, senha varchar(64) not null, primary key (id))
2022-01-30 23:43:12,599 INFO  [org.hibernate.tool.schema.internal.SchemaCreatorImpl] (ServerService Thread Pool -- 72) HHH000476: Executing import script 'ScriptSourceInputFromUrl(vfs:/content/webapp-0.0.1-SNAPSHOT.ear/webapp-dao-0.0.1-SNAPSHOT.jar/META-INF/import.sql)'
2022-01-30 23:43:12,613 INFO  [stdout] (ServerService Thread Pool -- 72) Hibernate: INSERT INTO usuario (login, senha, nome, email, endereco) VALUES ('tiago', '14f8f4bb8c0e79a02670a5fea5682da717a5b3d3dc7b1706f7a4bab9afae18c2', 'Tiago Carvalho', 'tiago.carvalho@sicoob.com.br', 'Quadra 01, conjunto A, casa 12')
2022-01-30 23:43:12,614 INFO  [stdout] (ServerService Thread Pool -- 72) Hibernate: INSERT INTO usuario (login, senha, nome, email) VALUES ('raphael', 'ef797c8118f02dfb649607dd5d3f8c7623048c9c063d532cc95c5ed7a898a64f', 'Raphael Mattos', 'raphael.mattos@sicoob.com.br')
2022-01-30 23:43:12,615 INFO  [stdout] (ServerService Thread Pool -- 72) Hibernate: INSERT INTO usuario (login, senha, nome, email) VALUES ('luan', 'ef797c8118f02dfb649607dd5d3f8c7623048c9c063d532cc95c5ed7a898a64f', 'Luan Amor', 'luan.ritiery@sicoob.com.br')
2022-01-30 23:43:12,834 WARN  [io.jaegertracing.internal.senders.SenderResolver] (ServerService Thread Pool -- 72) No suitable sender found. Using NoopSender, meaning that data will not be sent anywhere!
2022-01-30 23:43:12,836 INFO  [io.jaegertracing.Configuration] (ServerService Thread Pool -- 72) Initialized tracer=JaegerTracer(version=Java-0.30.6, serviceName=webapp-0.0.1-SNAPSHOT.ear!webapp-webapp-0.0.1-SNAPSHOT.war, reporter=RemoteReporter(sender=NoopSender(), closeEnqueueTimeout=1000), sampler=RemoteControlledSampler(maxOperations=2000, manager=HttpSamplingManager(hostPort=localhost:5778), sampler=ProbabilisticSampler(tags={sampler.type=probabilistic, sampler.param=0.001})), tags={hostname=PPM-SPO-12177.local, jaeger.version=Java-0.30.6, ip=192.168.0.57}, zipkinSharedRpcSpan=false, expandExceptionLogs=false)
2022-01-30 23:43:12,839 INFO  [org.wildfly.extension.undertow] (ServerService Thread Pool -- 72) WFLYUT0021: Registered web context: '/webapp' for server 'default-server'
2022-01-30 23:43:12,846 INFO  [org.jboss.as.server] (Controller Boot Thread) WFLYSRV0010: Deployed "webapp-0.0.1-SNAPSHOT.ear" (runtime-name : "webapp-0.0.1-SNAPSHOT.ear")
2022-01-30 23:43:12,846 INFO  [org.jboss.as.server] (Controller Boot Thread) WFLYSRV0010: Deployed "webfakeapp.war" (runtime-name : "webfakeapp.war")
2022-01-30 23:43:12,846 INFO  [org.jboss.as.server] (Controller Boot Thread) WFLYSRV0010: Deployed "mysql-connector-java-8.0.17.jar" (runtime-name : "mysql-connector-java-8.0.17.jar")
2022-01-30 23:43:12,874 INFO  [org.jboss.as.server] (Controller Boot Thread) WFLYSRV0212: Resuming server
2022-01-30 23:43:12,876 INFO  [org.jboss.as] (Controller Boot Thread) WFLYSRV0060: Http management interface listening on http://127.0.0.1:9990/management
2022-01-30 23:43:12,876 INFO  [org.jboss.as] (Controller Boot Thread) WFLYSRV0051: Admin console listening on http://127.0.0.1:9990
2022-01-30 23:43:12,876 INFO  [org.jboss.as] (Controller Boot Thread) WFLYSRV0025: WildFly Full 14.0.1.Final (WildFly Core 6.0.2.Final) started in 6320ms - Started 1513 of 1693 services (353 services are lazy, passive or on-demand)
2022-01-30 23:47:48,244 INFO  [org.hibernate.hql.internal.QueryTranslatorFactoryInitiator] (default task-3) HHH000397: Using ASTQueryTranslatorFactory
2022-01-30 23:47:48,325 INFO  [stdout] (default task-3) Hibernate: select usuariovo0_.id as id1_0_, usuariovo0_.anotacao as anotacao2_0_, usuariovo0_.email as email3_0_, usuariovo0_.endereco as endereco4_0_, usuariovo0_.login as login5_0_, usuariovo0_.nome as nome6_0_, usuariovo0_.senha as senha7_0_ from usuario usuariovo0_ where usuariovo0_.login=? and usuariovo0_.senha=?
2022-01-30 23:48:24,760 INFO  [stdout] (default task-3) Hibernate: select usuariovo0_.id as id1_0_, usuariovo0_.anotacao as anotacao2_0_, usuariovo0_.email as email3_0_, usuariovo0_.endereco as endereco4_0_, usuariovo0_.login as login5_0_, usuariovo0_.nome as nome6_0_, usuariovo0_.senha as senha7_0_ from usuario usuariovo0_ where usuariovo0_.login='raphael' and usuariovo0_.senha='ef797c8118f02dfb649607dd5d3f8c7623048c9c063d532cc95c5ed7a898a64f'
